producer_class	xtools.gsea.GseaPreranked
producer_timestamp	1431885330908
param	collapse	false
param	plot_top_x	0
param	rnk	/home/zjia/data/Jobbing/geneRanking3/src/../results/PSU/DESeq_PSU.rnk
param	norm	meandiv
param	scoring_scheme	classic
param	make_sets	false
param	mode	Max_probe
param	gmx	../data/c2.cp.v4.0.symbols.gmt
param	gui	false
param	rpt_label	DESeq_PSU
param	help	false
param	out	/home/zjia/data/Jobbing/geneRanking3/src/../results/PSU/gsea_c2cp
param	include_only_symbols	true
param	set_min	15
param	nperm	1000
param	rnd_seed	149
param	zip_report	false
param	set_max	500

file	../results/PSU/gsea_c2cp/DESeq_PSU.GseaPreranked.1431885330908/index.html
