producer_class	xtools.gsea.GseaPreranked
producer_timestamp	1431886603821
param	collapse	false
param	plot_top_x	0
param	rnk	/home/zjia/data/Jobbing/geneRanking3/src/../results/PSU/PoissonSeq_PSU.rnk
param	norm	meandiv
param	scoring_scheme	classic
param	make_sets	false
param	mode	Max_probe
param	gmx	../data/c2.cp.kegg.v4.0.symbols.gmt
param	gui	false
param	rpt_label	PoissonSeq_PSU
param	help	false
param	out	/home/zjia/data/Jobbing/geneRanking3/src/../results/PSU/gsea_c2kegg
param	include_only_symbols	true
param	set_min	15
param	nperm	1000
param	rnd_seed	149
param	zip_report	false
param	set_max	500

file	../results/PSU/gsea_c2kegg/PoissonSeq_PSU.GseaPreranked.1431886603821/index.html
