producer_class	xtools.gsea.GseaPreranked
producer_timestamp	1431886701138
param	collapse	false
param	plot_top_x	0
param	rnk	/home/zjia/data/Jobbing/geneRanking3/src/../results/AGR/DNMF_AGR.rnk
param	norm	meandiv
param	scoring_scheme	classic
param	make_sets	false
param	mode	Max_probe
param	gmx	../data/c5.bp.v4.0.symbols.gmt
param	gui	false
param	rpt_label	DNMF_AGR
param	help	false
param	out	/home/zjia/data/Jobbing/geneRanking3/src/../results/AGR/gsea_c5bp
param	include_only_symbols	true
param	set_min	15
param	nperm	1000
param	rnd_seed	149
param	zip_report	false
param	set_max	500

file	../results/AGR/gsea_c5bp/DNMF_AGR.GseaPreranked.1431886701138/index.html
